<?xml version="1.0" encoding="UTF-8"?>
<!-- Generated by org.testng.reporters.JUnitReportReporter -->
<testsuite hostname="Satish-Ss-MacBook-Pro.local" name="com.adeptpros.selenium.Findjob.Findjoblogin" tests="1" failures="0" timestamp="2 Sep 2014 16:45:04 GMT" time="62.189" errors="0">
  <testcase name="Saucetest" time="62.189" classname="com.adeptpros.selenium.Findjob.Findjoblogin"/>
</testsuite> <!-- com.adeptpros.selenium.Findjob.Findjoblogin -->
